2022-07-23 08:37:01,215 [JavaFX-Launcher] INFO  o.s.boot.SpringApplication - Starting application using Java 11.0.11 on Tungdz with PID 13416 (started by Tunght in C:\Users\DaiPhongPC\OneDrive\Desktop\network-clientapp)
2022-07-23 08:37:01,264 [JavaFX-Launcher] INFO  o.s.boot.SpringApplication - No active profile set, falling back to 1 default profile: "default"
2022-07-23 08:37:02,985 [JavaFX-Launcher] INFO  o.s.d.r.c.RepositoryConfigurationDelegate - Bootstrapping Spring Data JPA repositories in DEFAULT mode.
2022-07-23 08:37:03,081 [JavaFX-Launcher] INFO  o.s.d.r.c.RepositoryConfigurationDelegate - Finished Spring Data repository scanning in 78 ms. Found 1 JPA repository interfaces.
2022-07-23 08:37:04,511 [JavaFX-Launcher] INFO  com.zaxxer.hikari.HikariDataSource - HikariPool-1 - Starting...
2022-07-23 08:37:05,195 [JavaFX-Launcher] INFO  com.zaxxer.hikari.HikariDataSource - HikariPool-1 - Start completed.
2022-07-23 08:37:06,230 [JavaFX-Launcher] INFO  o.s.o.j.LocalContainerEntityManagerFactoryBean - Initialized JPA EntityManagerFactory for persistence unit 'default'
2022-07-23 08:37:07,008 [JavaFX-Launcher] INFO  o.s.boot.SpringApplication - Started application in 7.79 seconds (JVM running for 11.561)
2022-07-23 08:38:51,507 [JavaFX Application Thread] INFO  o.s.o.j.LocalContainerEntityManagerFactoryBean - Closing JPA EntityManagerFactory for persistence unit 'default'
2022-07-23 08:38:51,521 [JavaFX Application Thread] INFO  com.zaxxer.hikari.HikariDataSource - HikariPool-1 - Shutdown initiated...
2022-07-23 08:38:51,545 [JavaFX Application Thread] INFO  com.zaxxer.hikari.HikariDataSource - HikariPool-1 - Shutdown completed.
2022-07-23 08:39:07,090 [JavaFX-Launcher] INFO  o.s.boot.SpringApplication - Starting application using Java 11.0.11 on Tungdz with PID 8476 (started by Tunght in C:\Users\DaiPhongPC\OneDrive\Desktop\network-clientapp)
2022-07-23 08:39:07,093 [JavaFX-Launcher] INFO  o.s.boot.SpringApplication - No active profile set, falling back to 1 default profile: "default"
2022-07-23 08:39:07,745 [JavaFX-Launcher] INFO  o.s.d.r.c.RepositoryConfigurationDelegate - Bootstrapping Spring Data JPA repositories in DEFAULT mode.
2022-07-23 08:39:07,809 [JavaFX-Launcher] INFO  o.s.d.r.c.RepositoryConfigurationDelegate - Finished Spring Data repository scanning in 53 ms. Found 1 JPA repository interfaces.
2022-07-23 08:39:08,613 [JavaFX-Launcher] INFO  com.zaxxer.hikari.HikariDataSource - HikariPool-1 - Starting...
2022-07-23 08:39:09,056 [JavaFX-Launcher] INFO  com.zaxxer.hikari.HikariDataSource - HikariPool-1 - Start completed.
2022-07-23 08:39:09,771 [JavaFX-Launcher] INFO  o.s.o.j.LocalContainerEntityManagerFactoryBean - Initialized JPA EntityManagerFactory for persistence unit 'default'
2022-07-23 08:39:10,243 [JavaFX-Launcher] INFO  o.s.boot.SpringApplication - Started application in 3.688 seconds (JVM running for 7.646)
2022-07-23 08:39:17,279 [JavaFX Application Thread] DEBUG c.g.c.s.impl.NetworkServiceImpl - Server response: Create Success
2022-07-23 08:39:17,375 [JavaFX Application Thread] DEBUG c.g.c.s.impl.NetworkServiceImpl - Server response: opcode: 2
2022-07-23 08:39:17,376 [JavaFX Application Thread] DEBUG c.g.c.s.impl.NetworkServiceImpl - Server response: folder size: 7
2022-07-23 08:39:17,376 [JavaFX Application Thread] DEBUG c.g.c.s.impl.NetworkServiceImpl - Server response: fileName: abcdefu - GAYLE.mp3 | fileSize: 2630 kB
2022-07-23 08:39:17,378 [JavaFX Application Thread] DEBUG c.g.c.s.impl.NetworkServiceImpl - Server response: fileName: 4.txt | fileSize: 0 kB
2022-07-23 08:39:17,379 [JavaFX Application Thread] DEBUG c.g.c.s.impl.NetworkServiceImpl - Server response: fileName: LinuxITSS-master.zip | fileSize: 43 kB
2022-07-23 08:39:17,379 [JavaFX Application Thread] DEBUG c.g.c.s.impl.NetworkServiceImpl - Server response: fileName: 123.txt | fileSize: 28 kB
2022-07-23 08:39:17,379 [JavaFX Application Thread] DEBUG c.g.c.s.impl.NetworkServiceImpl - Server response: fileName: messi lionel messi.jpeg | fileSize: 157 kB
2022-07-23 08:39:17,380 [JavaFX Application Thread] DEBUG c.g.c.s.impl.NetworkServiceImpl - Server response: fileName: 5.txt | fileSize: 0 kB
2022-07-23 08:39:17,381 [JavaFX Application Thread] DEBUG c.g.c.s.impl.NetworkServiceImpl - Server response: fileName: Don-xin-dang-ki-vao-lop-da-day.doc | fileSize: 39 kB
2022-07-23 08:39:20,844 [JavaFX Application Thread] DEBUG c.g.c.s.impl.NetworkServiceImpl - Client request  | User request exit
2022-07-23 08:51:19,571 [JavaFX Application Thread] DEBUG c.g.c.s.impl.NetworkServiceImpl - Server response: Create Success
2022-07-23 08:51:19,679 [JavaFX Application Thread] DEBUG c.g.c.s.impl.NetworkServiceImpl - Server response: opcode: 2
2022-07-23 08:51:19,680 [JavaFX Application Thread] DEBUG c.g.c.s.impl.NetworkServiceImpl - Server response: folder size: 0
2022-07-23 08:51:37,443 [JavaFX Application Thread] DEBUG c.g.c.s.impl.NetworkServiceImpl - Upload file | 123.txt | 29620 Byte
2022-07-23 08:51:37,446 [JavaFX Application Thread] DEBUG c.g.c.s.impl.NetworkServiceImpl - File number of blocks: 29
2022-07-23 08:51:38,543 [JavaFX Application Thread] DEBUG c.g.c.s.impl.NetworkServiceImpl - Server response: 6
2022-07-23 08:51:38,544 [JavaFX Application Thread] DEBUG c.g.c.s.impl.NetworkServiceImpl - Begin to send file!
2022-07-23 08:51:38,545 [JavaFX Application Thread] DEBUG c.g.c.s.impl.NetworkServiceImpl - Client sent data block no: 0
2022-07-23 08:51:38,864 [JavaFX Application Thread] DEBUG c.g.c.s.impl.NetworkServiceImpl - Server response: 6
2022-07-23 08:51:38,865 [JavaFX Application Thread] DEBUG c.g.c.s.impl.NetworkServiceImpl - Client sent data block no: 1
2022-07-23 08:51:38,957 [JavaFX Application Thread] DEBUG c.g.c.s.impl.NetworkServiceImpl - Server response: 6
2022-07-23 08:51:38,958 [JavaFX Application Thread] DEBUG c.g.c.s.impl.NetworkServiceImpl - Client sent data block no: 2
2022-07-23 08:51:39,061 [JavaFX Application Thread] DEBUG c.g.c.s.impl.NetworkServiceImpl - Server response: 6
2022-07-23 08:51:39,061 [JavaFX Application Thread] DEBUG c.g.c.s.impl.NetworkServiceImpl - Client sent data block no: 3
2022-07-23 08:51:39,162 [JavaFX Application Thread] DEBUG c.g.c.s.impl.NetworkServiceImpl - Server response: 6
2022-07-23 08:51:39,162 [JavaFX Application Thread] DEBUG c.g.c.s.impl.NetworkServiceImpl - Client sent data block no: 4
2022-07-23 08:51:39,258 [JavaFX Application Thread] DEBUG c.g.c.s.impl.NetworkServiceImpl - Server response: 6
2022-07-23 08:51:39,258 [JavaFX Application Thread] DEBUG c.g.c.s.impl.NetworkServiceImpl - Client sent data block no: 5
2022-07-23 08:51:39,353 [JavaFX Application Thread] DEBUG c.g.c.s.impl.NetworkServiceImpl - Server response: 6
2022-07-23 08:51:39,354 [JavaFX Application Thread] DEBUG c.g.c.s.impl.NetworkServiceImpl - Client sent data block no: 6
2022-07-23 08:51:39,448 [JavaFX Application Thread] DEBUG c.g.c.s.impl.NetworkServiceImpl - Server response: 6
2022-07-23 08:51:39,449 [JavaFX Application Thread] DEBUG c.g.c.s.impl.NetworkServiceImpl - Client sent data block no: 7
2022-07-23 08:51:39,554 [JavaFX Application Thread] DEBUG c.g.c.s.impl.NetworkServiceImpl - Server response: 6
2022-07-23 08:51:39,554 [JavaFX Application Thread] DEBUG c.g.c.s.impl.NetworkServiceImpl - Client sent data block no: 8
2022-07-23 08:51:39,659 [JavaFX Application Thread] DEBUG c.g.c.s.impl.NetworkServiceImpl - Server response: 6
2022-07-23 08:51:39,659 [JavaFX Application Thread] DEBUG c.g.c.s.impl.NetworkServiceImpl - Client sent data block no: 9
2022-07-23 08:51:39,767 [JavaFX Application Thread] DEBUG c.g.c.s.impl.NetworkServiceImpl - Server response: 6
2022-07-23 08:51:39,767 [JavaFX Application Thread] DEBUG c.g.c.s.impl.NetworkServiceImpl - Client sent data block no: 10
2022-07-23 08:51:40,104 [JavaFX Application Thread] DEBUG c.g.c.s.impl.NetworkServiceImpl - Server response: 6
2022-07-23 08:51:40,105 [JavaFX Application Thread] DEBUG c.g.c.s.impl.NetworkServiceImpl - Client sent data block no: 11
2022-07-23 08:51:40,288 [JavaFX Application Thread] DEBUG c.g.c.s.impl.NetworkServiceImpl - Server response: 6
2022-07-23 08:51:40,288 [JavaFX Application Thread] DEBUG c.g.c.s.impl.NetworkServiceImpl - Client sent data block no: 12
2022-07-23 08:51:40,396 [JavaFX Application Thread] DEBUG c.g.c.s.impl.NetworkServiceImpl - Server response: 6
2022-07-23 08:51:40,396 [JavaFX Application Thread] DEBUG c.g.c.s.impl.NetworkServiceImpl - Client sent data block no: 13
2022-07-23 08:51:40,492 [JavaFX Application Thread] DEBUG c.g.c.s.impl.NetworkServiceImpl - Server response: 6
2022-07-23 08:51:40,493 [JavaFX Application Thread] DEBUG c.g.c.s.impl.NetworkServiceImpl - Client sent data block no: 14
2022-07-23 08:51:40,858 [JavaFX Application Thread] DEBUG c.g.c.s.impl.NetworkServiceImpl - Server response: 6
2022-07-23 08:51:40,859 [JavaFX Application Thread] DEBUG c.g.c.s.impl.NetworkServiceImpl - Client sent data block no: 15
2022-07-23 08:51:40,954 [JavaFX Application Thread] DEBUG c.g.c.s.impl.NetworkServiceImpl - Server response: 6
2022-07-23 08:51:40,954 [JavaFX Application Thread] DEBUG c.g.c.s.impl.NetworkServiceImpl - Client sent data block no: 16
2022-07-23 08:51:41,050 [JavaFX Application Thread] DEBUG c.g.c.s.impl.NetworkServiceImpl - Server response: 6
2022-07-23 08:51:41,050 [JavaFX Application Thread] DEBUG c.g.c.s.impl.NetworkServiceImpl - Client sent data block no: 17
2022-07-23 08:51:41,149 [JavaFX Application Thread] DEBUG c.g.c.s.impl.NetworkServiceImpl - Server response: 6
2022-07-23 08:51:41,149 [JavaFX Application Thread] DEBUG c.g.c.s.impl.NetworkServiceImpl - Client sent data block no: 18
2022-07-23 08:51:41,248 [JavaFX Application Thread] DEBUG c.g.c.s.impl.NetworkServiceImpl - Server response: 6
2022-07-23 08:51:41,248 [JavaFX Application Thread] DEBUG c.g.c.s.impl.NetworkServiceImpl - Client sent data block no: 19
2022-07-23 08:51:41,355 [JavaFX Application Thread] DEBUG c.g.c.s.impl.NetworkServiceImpl - Server response: 6
2022-07-23 08:51:41,356 [JavaFX Application Thread] DEBUG c.g.c.s.impl.NetworkServiceImpl - Client sent data block no: 20
2022-07-23 08:51:41,744 [JavaFX Application Thread] DEBUG c.g.c.s.impl.NetworkServiceImpl - Server response: 6
2022-07-23 08:51:41,745 [JavaFX Application Thread] DEBUG c.g.c.s.impl.NetworkServiceImpl - Client sent data block no: 21
2022-07-23 08:51:41,970 [JavaFX Application Thread] DEBUG c.g.c.s.impl.NetworkServiceImpl - Server response: 6
2022-07-23 08:51:41,970 [JavaFX Application Thread] DEBUG c.g.c.s.impl.NetworkServiceImpl - Client sent data block no: 22
2022-07-23 08:51:42,065 [JavaFX Application Thread] DEBUG c.g.c.s.impl.NetworkServiceImpl - Server response: 6
2022-07-23 08:51:42,065 [JavaFX Application Thread] DEBUG c.g.c.s.impl.NetworkServiceImpl - Client sent data block no: 23
2022-07-23 08:51:42,166 [JavaFX Application Thread] DEBUG c.g.c.s.impl.NetworkServiceImpl - Server response: 6
2022-07-23 08:51:42,167 [JavaFX Application Thread] DEBUG c.g.c.s.impl.NetworkServiceImpl - Client sent data block no: 24
2022-07-23 08:51:42,505 [JavaFX Application Thread] DEBUG c.g.c.s.impl.NetworkServiceImpl - Server response: 6
2022-07-23 08:51:42,505 [JavaFX Application Thread] DEBUG c.g.c.s.impl.NetworkServiceImpl - Client sent data block no: 25
2022-07-23 08:51:42,868 [JavaFX Application Thread] DEBUG c.g.c.s.impl.NetworkServiceImpl - Server response: 6
2022-07-23 08:51:42,868 [JavaFX Application Thread] DEBUG c.g.c.s.impl.NetworkServiceImpl - Client sent data block no: 26
2022-07-23 08:51:43,103 [JavaFX Application Thread] DEBUG c.g.c.s.impl.NetworkServiceImpl - Server response: 6
2022-07-23 08:51:43,103 [JavaFX Application Thread] DEBUG c.g.c.s.impl.NetworkServiceImpl - Client sent data block no: 27
2022-07-23 08:51:43,206 [JavaFX Application Thread] DEBUG c.g.c.s.impl.NetworkServiceImpl - Server response: 6
2022-07-23 08:51:43,206 [JavaFX Application Thread] DEBUG c.g.c.s.impl.NetworkServiceImpl - Index 29620 out of bounds for length 29620
2022-07-23 08:51:43,206 [JavaFX Application Thread] DEBUG c.g.c.s.impl.NetworkServiceImpl - Client sent data block no: 28
2022-07-23 08:51:43,316 [JavaFX Application Thread] DEBUG c.g.c.s.impl.NetworkServiceImpl - Server response: 6
2022-07-23 08:51:43,317 [JavaFX Application Thread] DEBUG c.g.c.s.impl.NetworkServiceImpl - Upload file done!
2022-07-23 08:51:48,242 [JavaFX Application Thread] DEBUG c.g.c.s.impl.NetworkServiceImpl - Server response: opcode: 2
2022-07-23 08:51:48,243 [JavaFX Application Thread] DEBUG c.g.c.s.impl.NetworkServiceImpl - Server response: folder size: 1
2022-07-23 08:51:48,243 [JavaFX Application Thread] DEBUG c.g.c.s.impl.NetworkServiceImpl - Server response: fileName: 123.txt | fileSize: 28 kB
2022-07-23 08:52:03,907 [JavaFX Application Thread] DEBUG c.g.c.s.impl.NetworkServiceImpl - Download file | 123.txt
2022-07-23 08:52:03,908 [JavaFX Application Thread] DEBUG c.g.c.s.impl.NetworkServiceImpl - File 123.txt already exists!
2022-07-23 08:52:23,136 [JavaFX Application Thread] DEBUG c.g.c.s.impl.NetworkServiceImpl - Download file | 123.txt
2022-07-23 08:52:23,137 [JavaFX Application Thread] DEBUG c.g.c.s.impl.NetworkServiceImpl - File 123.txt created!
2022-07-23 08:52:23,139 [JavaFX Application Thread] DEBUG c.g.c.s.impl.NetworkServiceImpl - Begin download file! | 123.txt
2022-07-23 08:52:23,235 [JavaFX Application Thread] DEBUG c.g.c.s.impl.NetworkServiceImpl - Server response: opcode: 6
2022-07-23 08:52:23,236 [JavaFX Application Thread] DEBUG c.g.c.s.impl.NetworkServiceImpl - Server response: number of block: 29
2022-07-23 08:52:23,331 [JavaFX Application Thread] DEBUG c.g.c.s.impl.NetworkServiceImpl - Server response: opcode: 5 | block_no: 1
2022-07-23 08:52:23,427 [JavaFX Application Thread] DEBUG c.g.c.s.impl.NetworkServiceImpl - Server response: opcode: 5 | block_no: 2
2022-07-23 08:52:23,825 [JavaFX Application Thread] DEBUG c.g.c.s.impl.NetworkServiceImpl - Server response: opcode: 5 | block_no: 3
2022-07-23 08:52:24,238 [JavaFX Application Thread] DEBUG c.g.c.s.impl.NetworkServiceImpl - Server response: opcode: 5 | block_no: 4
2022-07-23 08:52:24,359 [JavaFX Application Thread] DEBUG c.g.c.s.impl.NetworkServiceImpl - Server response: opcode: 5 | block_no: 5
2022-07-23 08:52:25,082 [JavaFX Application Thread] DEBUG c.g.c.s.impl.NetworkServiceImpl - Server response: opcode: 5 | block_no: 6
2022-07-23 08:52:25,198 [JavaFX Application Thread] DEBUG c.g.c.s.impl.NetworkServiceImpl - Server response: opcode: 5 | block_no: 7
2022-07-23 08:52:25,360 [JavaFX Application Thread] DEBUG c.g.c.s.impl.NetworkServiceImpl - Server response: opcode: 5 | block_no: 8
2022-07-23 08:52:25,457 [JavaFX Application Thread] DEBUG c.g.c.s.impl.NetworkServiceImpl - Server response: opcode: 5 | block_no: 9
2022-07-23 08:52:25,873 [JavaFX Application Thread] DEBUG c.g.c.s.impl.NetworkServiceImpl - Server response: opcode: 5 | block_no: 10
2022-07-23 08:52:25,998 [JavaFX Application Thread] DEBUG c.g.c.s.impl.NetworkServiceImpl - Server response: opcode: 5 | block_no: 11
2022-07-23 08:52:26,100 [JavaFX Application Thread] DEBUG c.g.c.s.impl.NetworkServiceImpl - Server response: opcode: 5 | block_no: 12
2022-07-23 08:52:26,207 [JavaFX Application Thread] DEBUG c.g.c.s.impl.NetworkServiceImpl - Server response: opcode: 5 | block_no: 13
2022-07-23 08:52:26,302 [JavaFX Application Thread] DEBUG c.g.c.s.impl.NetworkServiceImpl - Server response: opcode: 5 | block_no: 14
2022-07-23 08:52:27,005 [JavaFX Application Thread] DEBUG c.g.c.s.impl.NetworkServiceImpl - Server response: opcode: 5 | block_no: 15
2022-07-23 08:52:28,053 [JavaFX Application Thread] DEBUG c.g.c.s.impl.NetworkServiceImpl - Server response: opcode: 5 | block_no: 16
2022-07-23 08:52:28,527 [JavaFX Application Thread] DEBUG c.g.c.s.impl.NetworkServiceImpl - Server response: opcode: 5 | block_no: 17
2022-07-23 08:52:28,976 [JavaFX Application Thread] DEBUG c.g.c.s.impl.NetworkServiceImpl - Server response: opcode: 5 | block_no: 18
2022-07-23 08:52:29,425 [JavaFX Application Thread] DEBUG c.g.c.s.impl.NetworkServiceImpl - Server response: opcode: 5 | block_no: 19
2022-07-23 08:52:29,876 [JavaFX Application Thread] DEBUG c.g.c.s.impl.NetworkServiceImpl - Server response: opcode: 5 | block_no: 20
2022-07-23 08:52:30,341 [JavaFX Application Thread] DEBUG c.g.c.s.impl.NetworkServiceImpl - Server response: opcode: 5 | block_no: 21
2022-07-23 08:52:30,450 [JavaFX Application Thread] DEBUG c.g.c.s.impl.NetworkServiceImpl - Server response: opcode: 5 | block_no: 22
2022-07-23 08:52:30,550 [JavaFX Application Thread] DEBUG c.g.c.s.impl.NetworkServiceImpl - Server response: opcode: 5 | block_no: 23
2022-07-23 08:52:30,665 [JavaFX Application Thread] DEBUG c.g.c.s.impl.NetworkServiceImpl - Server response: opcode: 5 | block_no: 24
2022-07-23 08:52:30,777 [JavaFX Application Thread] DEBUG c.g.c.s.impl.NetworkServiceImpl - Server response: opcode: 5 | block_no: 25
2022-07-23 08:52:31,736 [JavaFX Application Thread] DEBUG c.g.c.s.impl.NetworkServiceImpl - Server response: opcode: 5 | block_no: 26
2022-07-23 08:52:31,865 [JavaFX Application Thread] DEBUG c.g.c.s.impl.NetworkServiceImpl - Server response: opcode: 5 | block_no: 27
2022-07-23 08:52:32,105 [JavaFX Application Thread] DEBUG c.g.c.s.impl.NetworkServiceImpl - Server response: opcode: 5 | block_no: 28
2022-07-23 08:52:32,223 [JavaFX Application Thread] DEBUG c.g.c.s.impl.NetworkServiceImpl - Server response: opcode: 5 | block_no: 29
2022-07-23 08:52:35,225 [JavaFX Application Thread] DEBUG c.g.c.s.impl.NetworkServiceImpl - Read timed out
2022-07-23 08:52:35,226 [JavaFX Application Thread] DEBUG c.g.c.s.impl.NetworkServiceImpl - Download file done! | 123.txt
2022-07-23 09:00:30,725 [SpringApplicationShutdownHook] INFO  o.s.o.j.LocalContainerEntityManagerFactoryBean - Closing JPA EntityManagerFactory for persistence unit 'default'
2022-07-23 09:00:30,725 [SpringApplicationShutdownHook] INFO  com.zaxxer.hikari.HikariDataSource - HikariPool-1 - Shutdown initiated...
2022-07-23 09:00:30,748 [SpringApplicationShutdownHook] INFO  com.zaxxer.hikari.HikariDataSource - HikariPool-1 - Shutdown completed.
2022-07-23 09:00:39,482 [JavaFX-Launcher] INFO  o.s.boot.SpringApplication - Starting application using Java 11.0.11 on Tungdz with PID 7864 (started by Tunght in C:\Users\DaiPhongPC\OneDrive\Desktop\network-clientapp)
2022-07-23 09:00:39,486 [JavaFX-Launcher] INFO  o.s.boot.SpringApplication - No active profile set, falling back to 1 default profile: "default"
2022-07-23 09:00:40,016 [JavaFX-Launcher] INFO  o.s.d.r.c.RepositoryConfigurationDelegate - Bootstrapping Spring Data JPA repositories in DEFAULT mode.
2022-07-23 09:00:40,077 [JavaFX-Launcher] INFO  o.s.d.r.c.RepositoryConfigurationDelegate - Finished Spring Data repository scanning in 51 ms. Found 1 JPA repository interfaces.
2022-07-23 09:00:40,777 [JavaFX-Launcher] INFO  com.zaxxer.hikari.HikariDataSource - HikariPool-1 - Starting...
2022-07-23 09:00:41,200 [JavaFX-Launcher] INFO  com.zaxxer.hikari.HikariDataSource - HikariPool-1 - Start completed.
2022-07-23 09:00:41,856 [JavaFX-Launcher] INFO  o.s.o.j.LocalContainerEntityManagerFactoryBean - Initialized JPA EntityManagerFactory for persistence unit 'default'
2022-07-23 09:00:42,307 [JavaFX-Launcher] INFO  o.s.boot.SpringApplication - Started application in 3.352 seconds (JVM running for 7.267)
2022-07-23 09:01:15,638 [JavaFX Application Thread] DEBUG c.g.c.s.impl.NetworkServiceImpl - Server response: Create Success
2022-07-23 09:01:15,971 [JavaFX Application Thread] DEBUG c.g.c.s.impl.NetworkServiceImpl - Server response: opcode: 2
2022-07-23 09:01:15,972 [JavaFX Application Thread] DEBUG c.g.c.s.impl.NetworkServiceImpl - Server response: folder size: 2
2022-07-23 09:01:15,973 [JavaFX Application Thread] DEBUG c.g.c.s.impl.NetworkServiceImpl - Server response: fileName: 123.txt | fileSize: 28 kB
2022-07-23 09:01:15,974 [JavaFX Application Thread] DEBUG c.g.c.s.impl.NetworkServiceImpl - Server response: fileName: messi lionel messi.jpeg | fileSize: 157 kB
2022-07-23 09:01:27,590 [JavaFX Application Thread] DEBUG c.g.c.s.impl.NetworkServiceImpl - Client request  | Delete file: 123.txt
2022-07-23 09:01:27,687 [JavaFX Application Thread] DEBUG c.g.c.s.impl.NetworkServiceImpl - Server response: Delete success!
2022-07-23 09:01:27,820 [JavaFX Application Thread] DEBUG c.g.c.s.impl.NetworkServiceImpl - Server response: opcode: 2
2022-07-23 09:01:27,822 [JavaFX Application Thread] DEBUG c.g.c.s.impl.NetworkServiceImpl - Server response: folder size: 1
2022-07-23 09:01:27,823 [JavaFX Application Thread] DEBUG c.g.c.s.impl.NetworkServiceImpl - Server response: fileName: messi lionel messi.jpeg | fileSize: 157 kB
2022-07-23 09:01:32,189 [JavaFX Application Thread] DEBUG c.g.c.s.impl.NetworkServiceImpl - Server response: opcode: 2
2022-07-23 09:01:32,190 [JavaFX Application Thread] DEBUG c.g.c.s.impl.NetworkServiceImpl - Server response: folder size: 1
2022-07-23 09:01:32,190 [JavaFX Application Thread] DEBUG c.g.c.s.impl.NetworkServiceImpl - Server response: fileName: messi lionel messi.jpeg | fileSize: 157 kB
2022-07-23 09:01:36,498 [JavaFX Application Thread] DEBUG c.g.c.s.impl.NetworkServiceImpl - Download file | messi lionel messi.jpeg
2022-07-23 09:01:36,500 [JavaFX Application Thread] DEBUG c.g.c.s.impl.NetworkServiceImpl - File messi lionel messi.jpeg created!
2022-07-23 09:01:36,501 [JavaFX Application Thread] DEBUG c.g.c.s.impl.NetworkServiceImpl - Begin download file! | messi lionel messi.jpeg
2022-07-23 09:01:36,626 [JavaFX Application Thread] DEBUG c.g.c.s.impl.NetworkServiceImpl - Server response: opcode: 6
2022-07-23 09:01:36,627 [JavaFX Application Thread] DEBUG c.g.c.s.impl.NetworkServiceImpl - Server response: number of block: 158
2022-07-23 09:01:36,722 [JavaFX Application Thread] DEBUG c.g.c.s.impl.NetworkServiceImpl - Server response: opcode: 5 | block_no: 1
2022-07-23 09:01:36,843 [JavaFX Application Thread] DEBUG c.g.c.s.impl.NetworkServiceImpl - Server response: opcode: 5 | block_no: 2
2022-07-23 09:01:36,941 [JavaFX Application Thread] DEBUG c.g.c.s.impl.NetworkServiceImpl - Server response: opcode: 5 | block_no: 3
2022-07-23 09:01:37,036 [JavaFX Application Thread] DEBUG c.g.c.s.impl.NetworkServiceImpl - Server response: opcode: 5 | block_no: 4
2022-07-23 09:01:37,134 [JavaFX Application Thread] DEBUG c.g.c.s.impl.NetworkServiceImpl - Server response: opcode: 5 | block_no: 5
2022-07-23 09:01:37,237 [JavaFX Application Thread] DEBUG c.g.c.s.impl.NetworkServiceImpl - Server response: opcode: 5 | block_no: 6
2022-07-23 09:01:37,346 [JavaFX Application Thread] DEBUG c.g.c.s.impl.NetworkServiceImpl - Server response: opcode: 5 | block_no: 7
2022-07-23 09:01:37,443 [JavaFX Application Thread] DEBUG c.g.c.s.impl.NetworkServiceImpl - Server response: opcode: 5 | block_no: 8
2022-07-23 09:01:37,554 [JavaFX Application Thread] DEBUG c.g.c.s.impl.NetworkServiceImpl - Server response: opcode: 5 | block_no: 9
2022-07-23 09:01:37,657 [JavaFX Application Thread] DEBUG c.g.c.s.impl.NetworkServiceImpl - Server response: opcode: 5 | block_no: 10
2022-07-23 09:01:37,759 [JavaFX Application Thread] DEBUG c.g.c.s.impl.NetworkServiceImpl - Server response: opcode: 5 | block_no: 11
2022-07-23 09:01:37,856 [JavaFX Application Thread] DEBUG c.g.c.s.impl.NetworkServiceImpl - Server response: opcode: 5 | block_no: 12
2022-07-23 09:01:37,984 [JavaFX Application Thread] DEBUG c.g.c.s.impl.NetworkServiceImpl - Server response: opcode: 5 | block_no: 13
2022-07-23 09:01:38,106 [JavaFX Application Thread] DEBUG c.g.c.s.impl.NetworkServiceImpl - Server response: opcode: 5 | block_no: 14
2022-07-23 09:01:38,201 [JavaFX Application Thread] DEBUG c.g.c.s.impl.NetworkServiceImpl - Server response: opcode: 5 | block_no: 15
2022-07-23 09:01:38,327 [JavaFX Application Thread] DEBUG c.g.c.s.impl.NetworkServiceImpl - Server response: opcode: 5 | block_no: 16
2022-07-23 09:01:38,426 [JavaFX Application Thread] DEBUG c.g.c.s.impl.NetworkServiceImpl - Server response: opcode: 5 | block_no: 17
2022-07-23 09:01:38,523 [JavaFX Application Thread] DEBUG c.g.c.s.impl.NetworkServiceImpl - Server response: opcode: 5 | block_no: 18
2022-07-23 09:01:38,625 [JavaFX Application Thread] DEBUG c.g.c.s.impl.NetworkServiceImpl - Server response: opcode: 5 | block_no: 19
2022-07-23 09:01:38,738 [JavaFX Application Thread] DEBUG c.g.c.s.impl.NetworkServiceImpl - Server response: opcode: 5 | block_no: 20
2022-07-23 09:01:38,835 [JavaFX Application Thread] DEBUG c.g.c.s.impl.NetworkServiceImpl - Server response: opcode: 5 | block_no: 21
2022-07-23 09:01:38,932 [JavaFX Application Thread] DEBUG c.g.c.s.impl.NetworkServiceImpl - Server response: opcode: 5 | block_no: 22
2022-07-23 09:01:39,045 [JavaFX Application Thread] DEBUG c.g.c.s.impl.NetworkServiceImpl - Server response: opcode: 5 | block_no: 23
2022-07-23 09:01:39,145 [JavaFX Application Thread] DEBUG c.g.c.s.impl.NetworkServiceImpl - Server response: opcode: 5 | block_no: 24
2022-07-23 09:01:39,367 [JavaFX Application Thread] DEBUG c.g.c.s.impl.NetworkServiceImpl - Server response: opcode: 5 | block_no: 25
2022-07-23 09:01:39,550 [JavaFX Application Thread] DEBUG c.g.c.s.impl.NetworkServiceImpl - Server response: opcode: 5 | block_no: 26
2022-07-23 09:01:39,646 [JavaFX Application Thread] DEBUG c.g.c.s.impl.NetworkServiceImpl - Server response: opcode: 5 | block_no: 27
2022-07-23 09:01:39,742 [JavaFX Application Thread] DEBUG c.g.c.s.impl.NetworkServiceImpl - Server response: opcode: 5 | block_no: 28
2022-07-23 09:01:39,839 [JavaFX Application Thread] DEBUG c.g.c.s.impl.NetworkServiceImpl - Server response: opcode: 5 | block_no: 29
2022-07-23 09:01:39,948 [JavaFX Application Thread] DEBUG c.g.c.s.impl.NetworkServiceImpl - Server response: opcode: 5 | block_no: 30
2022-07-23 09:01:40,048 [JavaFX Application Thread] DEBUG c.g.c.s.impl.NetworkServiceImpl - Server response: opcode: 5 | block_no: 31
2022-07-23 09:01:40,167 [JavaFX Application Thread] DEBUG c.g.c.s.impl.NetworkServiceImpl - Server response: opcode: 5 | block_no: 32
2022-07-23 09:01:40,276 [JavaFX Application Thread] DEBUG c.g.c.s.impl.NetworkServiceImpl - Server response: opcode: 5 | block_no: 33
2022-07-23 09:01:40,373 [JavaFX Application Thread] DEBUG c.g.c.s.impl.NetworkServiceImpl - Server response: opcode: 5 | block_no: 34
2022-07-23 09:01:40,471 [JavaFX Application Thread] DEBUG c.g.c.s.impl.NetworkServiceImpl - Server response: opcode: 5 | block_no: 35
2022-07-23 09:01:40,567 [JavaFX Application Thread] DEBUG c.g.c.s.impl.NetworkServiceImpl - Server response: opcode: 5 | block_no: 36
2022-07-23 09:01:40,670 [JavaFX Application Thread] DEBUG c.g.c.s.impl.NetworkServiceImpl - Server response: opcode: 5 | block_no: 37
2022-07-23 09:01:40,770 [JavaFX Application Thread] DEBUG c.g.c.s.impl.NetworkServiceImpl - Server response: opcode: 5 | block_no: 38
2022-07-23 09:01:40,873 [JavaFX Application Thread] DEBUG c.g.c.s.impl.NetworkServiceImpl - Server response: opcode: 5 | block_no: 39
2022-07-23 09:01:40,992 [JavaFX Application Thread] DEBUG c.g.c.s.impl.NetworkServiceImpl - Server response: opcode: 5 | block_no: 40
2022-07-23 09:01:41,088 [JavaFX Application Thread] DEBUG c.g.c.s.impl.NetworkServiceImpl - Server response: opcode: 5 | block_no: 41
2022-07-23 09:01:41,203 [JavaFX Application Thread] DEBUG c.g.c.s.impl.NetworkServiceImpl - Server response: opcode: 5 | block_no: 42
2022-07-23 09:01:41,299 [JavaFX Application Thread] DEBUG c.g.c.s.impl.NetworkServiceImpl - Server response: opcode: 5 | block_no: 43
2022-07-23 09:01:41,400 [JavaFX Application Thread] DEBUG c.g.c.s.impl.NetworkServiceImpl - Server response: opcode: 5 | block_no: 44
2022-07-23 09:01:41,496 [JavaFX Application Thread] DEBUG c.g.c.s.impl.NetworkServiceImpl - Server response: opcode: 5 | block_no: 45
2022-07-23 09:01:41,596 [JavaFX Application Thread] DEBUG c.g.c.s.impl.NetworkServiceImpl - Server response: opcode: 5 | block_no: 46
2022-07-23 09:01:41,710 [JavaFX Application Thread] DEBUG c.g.c.s.impl.NetworkServiceImpl - Server response: opcode: 5 | block_no: 47
2022-07-23 09:01:41,819 [JavaFX Application Thread] DEBUG c.g.c.s.impl.NetworkServiceImpl - Server response: opcode: 5 | block_no: 48
2022-07-23 09:01:41,916 [JavaFX Application Thread] DEBUG c.g.c.s.impl.NetworkServiceImpl - Server response: opcode: 5 | block_no: 49
2022-07-23 09:01:42,016 [JavaFX Application Thread] DEBUG c.g.c.s.impl.NetworkServiceImpl - Server response: opcode: 5 | block_no: 50
2022-07-23 09:01:42,114 [JavaFX Application Thread] DEBUG c.g.c.s.impl.NetworkServiceImpl - Server response: opcode: 5 | block_no: 51
2022-07-23 09:01:42,212 [JavaFX Application Thread] DEBUG c.g.c.s.impl.NetworkServiceImpl - Server response: opcode: 5 | block_no: 52
2022-07-23 09:01:42,312 [JavaFX Application Thread] DEBUG c.g.c.s.impl.NetworkServiceImpl - Server response: opcode: 5 | block_no: 53
2022-07-23 09:01:42,418 [JavaFX Application Thread] DEBUG c.g.c.s.impl.NetworkServiceImpl - Server response: opcode: 5 | block_no: 54
2022-07-23 09:01:42,516 [JavaFX Application Thread] DEBUG c.g.c.s.impl.NetworkServiceImpl - Server response: opcode: 5 | block_no: 55
2022-07-23 09:01:42,612 [JavaFX Application Thread] DEBUG c.g.c.s.impl.NetworkServiceImpl - Server response: opcode: 5 | block_no: 56
2022-07-23 09:01:42,716 [JavaFX Application Thread] DEBUG c.g.c.s.impl.NetworkServiceImpl - Server response: opcode: 5 | block_no: 57
2022-07-23 09:01:42,815 [JavaFX Application Thread] DEBUG c.g.c.s.impl.NetworkServiceImpl - Server response: opcode: 5 | block_no: 58
2022-07-23 09:01:42,912 [JavaFX Application Thread] DEBUG c.g.c.s.impl.NetworkServiceImpl - Server response: opcode: 5 | block_no: 59
2022-07-23 09:01:43,010 [JavaFX Application Thread] DEBUG c.g.c.s.impl.NetworkServiceImpl - Server response: opcode: 5 | block_no: 60
2022-07-23 09:01:43,212 [JavaFX Application Thread] DEBUG c.g.c.s.impl.NetworkServiceImpl - Server response: opcode: 5 | block_no: 61
2022-07-23 09:01:43,308 [JavaFX Application Thread] DEBUG c.g.c.s.impl.NetworkServiceImpl - Server response: opcode: 5 | block_no: 62
2022-07-23 09:01:43,406 [JavaFX Application Thread] DEBUG c.g.c.s.impl.NetworkServiceImpl - Server response: opcode: 5 | block_no: 63
2022-07-23 09:01:43,502 [JavaFX Application Thread] DEBUG c.g.c.s.impl.NetworkServiceImpl - Server response: opcode: 5 | block_no: 64
2022-07-23 09:01:43,600 [JavaFX Application Thread] DEBUG c.g.c.s.impl.NetworkServiceImpl - Server response: opcode: 5 | block_no: 65
2022-07-23 09:01:43,697 [JavaFX Application Thread] DEBUG c.g.c.s.impl.NetworkServiceImpl - Server response: opcode: 5 | block_no: 66
2022-07-23 09:01:43,793 [JavaFX Application Thread] DEBUG c.g.c.s.impl.NetworkServiceImpl - Server response: opcode: 5 | block_no: 67
2022-07-23 09:01:43,905 [JavaFX Application Thread] DEBUG c.g.c.s.impl.NetworkServiceImpl - Server response: opcode: 5 | block_no: 68
2022-07-23 09:01:44,004 [JavaFX Application Thread] DEBUG c.g.c.s.impl.NetworkServiceImpl - Server response: opcode: 5 | block_no: 69
2022-07-23 09:01:44,102 [JavaFX Application Thread] DEBUG c.g.c.s.impl.NetworkServiceImpl - Server response: opcode: 5 | block_no: 70
2022-07-23 09:01:44,201 [JavaFX Application Thread] DEBUG c.g.c.s.impl.NetworkServiceImpl - Server response: opcode: 5 | block_no: 71
2022-07-23 09:01:44,299 [JavaFX Application Thread] DEBUG c.g.c.s.impl.NetworkServiceImpl - Server response: opcode: 5 | block_no: 72
2022-07-23 09:01:44,443 [JavaFX Application Thread] DEBUG c.g.c.s.impl.NetworkServiceImpl - Server response: opcode: 5 | block_no: 73
2022-07-23 09:01:44,541 [JavaFX Application Thread] DEBUG c.g.c.s.impl.NetworkServiceImpl - Server response: opcode: 5 | block_no: 74
2022-07-23 09:01:44,640 [JavaFX Application Thread] DEBUG c.g.c.s.impl.NetworkServiceImpl - Server response: opcode: 5 | block_no: 75
2022-07-23 09:01:44,739 [JavaFX Application Thread] DEBUG c.g.c.s.impl.NetworkServiceImpl - Server response: opcode: 5 | block_no: 76
2022-07-23 09:01:44,838 [JavaFX Application Thread] DEBUG c.g.c.s.impl.NetworkServiceImpl - Server response: opcode: 5 | block_no: 77
2022-07-23 09:01:44,936 [JavaFX Application Thread] DEBUG c.g.c.s.impl.NetworkServiceImpl - Server response: opcode: 5 | block_no: 78
2022-07-23 09:01:45,033 [JavaFX Application Thread] DEBUG c.g.c.s.impl.NetworkServiceImpl - Server response: opcode: 5 | block_no: 79
2022-07-23 09:01:45,130 [JavaFX Application Thread] DEBUG c.g.c.s.impl.NetworkServiceImpl - Server response: opcode: 5 | block_no: 80
2022-07-23 09:01:45,267 [JavaFX Application Thread] DEBUG c.g.c.s.impl.NetworkServiceImpl - Server response: opcode: 5 | block_no: 81
2022-07-23 09:01:45,609 [JavaFX Application Thread] DEBUG c.g.c.s.impl.NetworkServiceImpl - Server response: opcode: 5 | block_no: 82
2022-07-23 09:01:45,707 [JavaFX Application Thread] DEBUG c.g.c.s.impl.NetworkServiceImpl - Server response: opcode: 5 | block_no: 83
2022-07-23 09:01:45,806 [JavaFX Application Thread] DEBUG c.g.c.s.impl.NetworkServiceImpl - Server response: opcode: 5 | block_no: 84
2022-07-23 09:01:45,991 [JavaFX Application Thread] DEBUG c.g.c.s.impl.NetworkServiceImpl - Server response: opcode: 5 | block_no: 85
2022-07-23 09:01:46,110 [JavaFX Application Thread] DEBUG c.g.c.s.impl.NetworkServiceImpl - Server response: opcode: 5 | block_no: 86
2022-07-23 09:01:46,208 [JavaFX Application Thread] DEBUG c.g.c.s.impl.NetworkServiceImpl - Server response: opcode: 5 | block_no: 87
2022-07-23 09:01:46,314 [JavaFX Application Thread] DEBUG c.g.c.s.impl.NetworkServiceImpl - Server response: opcode: 5 | block_no: 88
2022-07-23 09:01:46,410 [JavaFX Application Thread] DEBUG c.g.c.s.impl.NetworkServiceImpl - Server response: opcode: 5 | block_no: 89
2022-07-23 09:01:46,506 [JavaFX Application Thread] DEBUG c.g.c.s.impl.NetworkServiceImpl - Server response: opcode: 5 | block_no: 90
2022-07-23 09:01:46,601 [JavaFX Application Thread] DEBUG c.g.c.s.impl.NetworkServiceImpl - Server response: opcode: 5 | block_no: 91
2022-07-23 09:01:46,721 [JavaFX Application Thread] DEBUG c.g.c.s.impl.NetworkServiceImpl - Server response: opcode: 5 | block_no: 92
2022-07-23 09:01:46,818 [JavaFX Application Thread] DEBUG c.g.c.s.impl.NetworkServiceImpl - Server response: opcode: 5 | block_no: 93
2022-07-23 09:01:46,927 [JavaFX Application Thread] DEBUG c.g.c.s.impl.NetworkServiceImpl - Server response: opcode: 5 | block_no: 94
2022-07-23 09:01:47,030 [JavaFX Application Thread] DEBUG c.g.c.s.impl.NetworkServiceImpl - Server response: opcode: 5 | block_no: 95
2022-07-23 09:01:47,175 [JavaFX Application Thread] DEBUG c.g.c.s.impl.NetworkServiceImpl - Server response: opcode: 5 | block_no: 96
2022-07-23 09:01:47,270 [JavaFX Application Thread] DEBUG c.g.c.s.impl.NetworkServiceImpl - Server response: opcode: 5 | block_no: 97
2022-07-23 09:01:47,367 [JavaFX Application Thread] DEBUG c.g.c.s.impl.NetworkServiceImpl - Server response: opcode: 5 | block_no: 98
2022-07-23 09:01:47,492 [JavaFX Application Thread] DEBUG c.g.c.s.impl.NetworkServiceImpl - Server response: opcode: 5 | block_no: 99
2022-07-23 09:01:47,590 [JavaFX Application Thread] DEBUG c.g.c.s.impl.NetworkServiceImpl - Server response: opcode: 5 | block_no: 100
2022-07-23 09:01:47,685 [JavaFX Application Thread] DEBUG c.g.c.s.impl.NetworkServiceImpl - Server response: opcode: 5 | block_no: 101
2022-07-23 09:01:47,782 [JavaFX Application Thread] DEBUG c.g.c.s.impl.NetworkServiceImpl - Server response: opcode: 5 | block_no: 102
2022-07-23 09:01:47,885 [JavaFX Application Thread] DEBUG c.g.c.s.impl.NetworkServiceImpl - Server response: opcode: 5 | block_no: 103
2022-07-23 09:01:47,981 [JavaFX Application Thread] DEBUG c.g.c.s.impl.NetworkServiceImpl - Server response: opcode: 5 | block_no: 104
2022-07-23 09:01:48,077 [JavaFX Application Thread] DEBUG c.g.c.s.impl.NetworkServiceImpl - Server response: opcode: 5 | block_no: 105
2022-07-23 09:01:48,173 [JavaFX Application Thread] DEBUG c.g.c.s.impl.NetworkServiceImpl - Server response: opcode: 5 | block_no: 106
2022-07-23 09:01:48,653 [JavaFX Application Thread] DEBUG c.g.c.s.impl.NetworkServiceImpl - Server response: opcode: 5 | block_no: 107
2022-07-23 09:01:48,756 [JavaFX Application Thread] DEBUG c.g.c.s.impl.NetworkServiceImpl - Server response: opcode: 5 | block_no: 108
2022-07-23 09:01:48,860 [JavaFX Application Thread] DEBUG c.g.c.s.impl.NetworkServiceImpl - Server response: opcode: 5 | block_no: 109
2022-07-23 09:01:48,961 [JavaFX Application Thread] DEBUG c.g.c.s.impl.NetworkServiceImpl - Server response: opcode: 5 | block_no: 110
2022-07-23 09:01:49,083 [JavaFX Application Thread] DEBUG c.g.c.s.impl.NetworkServiceImpl - Server response: opcode: 5 | block_no: 111
2022-07-23 09:01:49,179 [JavaFX Application Thread] DEBUG c.g.c.s.impl.NetworkServiceImpl - Server response: opcode: 5 | block_no: 112
2022-07-23 09:01:49,274 [JavaFX Application Thread] DEBUG c.g.c.s.impl.NetworkServiceImpl - Server response: opcode: 5 | block_no: 113
2022-07-23 09:01:49,368 [JavaFX Application Thread] DEBUG c.g.c.s.impl.NetworkServiceImpl - Server response: opcode: 5 | block_no: 114
2022-07-23 09:01:49,528 [JavaFX Application Thread] DEBUG c.g.c.s.impl.NetworkServiceImpl - Server response: opcode: 5 | block_no: 115
2022-07-23 09:01:49,629 [JavaFX Application Thread] DEBUG c.g.c.s.impl.NetworkServiceImpl - Server response: opcode: 5 | block_no: 116
2022-07-23 09:01:49,756 [JavaFX Application Thread] DEBUG c.g.c.s.impl.NetworkServiceImpl - Server response: opcode: 5 | block_no: 117
2022-07-23 09:01:49,862 [JavaFX Application Thread] DEBUG c.g.c.s.impl.NetworkServiceImpl - Server response: opcode: 5 | block_no: 118
2022-07-23 09:01:49,960 [JavaFX Application Thread] DEBUG c.g.c.s.impl.NetworkServiceImpl - Server response: opcode: 5 | block_no: 119
2022-07-23 09:01:50,059 [JavaFX Application Thread] DEBUG c.g.c.s.impl.NetworkServiceImpl - Server response: opcode: 5 | block_no: 120
2022-07-23 09:01:50,154 [JavaFX Application Thread] DEBUG c.g.c.s.impl.NetworkServiceImpl - Server response: opcode: 5 | block_no: 121
2022-07-23 09:01:50,254 [JavaFX Application Thread] DEBUG c.g.c.s.impl.NetworkServiceImpl - Server response: opcode: 5 | block_no: 122
2022-07-23 09:01:50,379 [JavaFX Application Thread] DEBUG c.g.c.s.impl.NetworkServiceImpl - Server response: opcode: 5 | block_no: 123
2022-07-23 09:01:50,561 [JavaFX Application Thread] DEBUG c.g.c.s.impl.NetworkServiceImpl - Server response: opcode: 5 | block_no: 124
2022-07-23 09:01:50,661 [JavaFX Application Thread] DEBUG c.g.c.s.impl.NetworkServiceImpl - Server response: opcode: 5 | block_no: 125
2022-07-23 09:01:50,756 [JavaFX Application Thread] DEBUG c.g.c.s.impl.NetworkServiceImpl - Server response: opcode: 5 | block_no: 126
2022-07-23 09:01:50,851 [JavaFX Application Thread] DEBUG c.g.c.s.impl.NetworkServiceImpl - Server response: opcode: 5 | block_no: 127
2022-07-23 09:01:50,950 [JavaFX Application Thread] DEBUG c.g.c.s.impl.NetworkServiceImpl - Server response: opcode: 5 | block_no: 128
2022-07-23 09:01:51,130 [JavaFX Application Thread] DEBUG c.g.c.s.impl.NetworkServiceImpl - Server response: opcode: 5 | block_no: 129
2022-07-23 09:01:51,294 [JavaFX Application Thread] DEBUG c.g.c.s.impl.NetworkServiceImpl - Server response: opcode: 5 | block_no: 130
2022-07-23 09:01:51,397 [JavaFX Application Thread] DEBUG c.g.c.s.impl.NetworkServiceImpl - Server response: opcode: 5 | block_no: 131
2022-07-23 09:01:51,495 [JavaFX Application Thread] DEBUG c.g.c.s.impl.NetworkServiceImpl - Server response: opcode: 5 | block_no: 132
2022-07-23 09:01:51,798 [JavaFX Application Thread] DEBUG c.g.c.s.impl.NetworkServiceImpl - Server response: opcode: 5 | block_no: 133
2022-07-23 09:01:52,144 [JavaFX Application Thread] DEBUG c.g.c.s.impl.NetworkServiceImpl - Server response: opcode: 5 | block_no: 134
2022-07-23 09:01:52,358 [JavaFX Application Thread] DEBUG c.g.c.s.impl.NetworkServiceImpl - Server response: opcode: 5 | block_no: 135
2022-07-23 09:01:52,557 [JavaFX Application Thread] DEBUG c.g.c.s.impl.NetworkServiceImpl - Server response: opcode: 5 | block_no: 136
2022-07-23 09:01:52,701 [JavaFX Application Thread] DEBUG c.g.c.s.impl.NetworkServiceImpl - Server response: opcode: 5 | block_no: 137
2022-07-23 09:01:52,888 [JavaFX Application Thread] DEBUG c.g.c.s.impl.NetworkServiceImpl - Server response: opcode: 5 | block_no: 138
2022-07-23 09:01:53,077 [JavaFX Application Thread] DEBUG c.g.c.s.impl.NetworkServiceImpl - Server response: opcode: 5 | block_no: 139
2022-07-23 09:01:53,259 [JavaFX Application Thread] DEBUG c.g.c.s.impl.NetworkServiceImpl - Server response: opcode: 5 | block_no: 140
2022-07-23 09:01:53,588 [JavaFX Application Thread] DEBUG c.g.c.s.impl.NetworkServiceImpl - Server response: opcode: 5 | block_no: 141
2022-07-23 09:01:53,748 [JavaFX Application Thread] DEBUG c.g.c.s.impl.NetworkServiceImpl - Server response: opcode: 5 | block_no: 142
2022-07-23 09:01:53,998 [JavaFX Application Thread] DEBUG c.g.c.s.impl.NetworkServiceImpl - Server response: opcode: 5 | block_no: 143
2022-07-23 09:01:54,229 [JavaFX Application Thread] DEBUG c.g.c.s.impl.NetworkServiceImpl - Server response: opcode: 5 | block_no: 144
2022-07-23 09:01:54,500 [JavaFX Application Thread] DEBUG c.g.c.s.impl.NetworkServiceImpl - Server response: opcode: 5 | block_no: 145
2022-07-23 09:01:54,614 [JavaFX Application Thread] DEBUG c.g.c.s.impl.NetworkServiceImpl - Server response: opcode: 5 | block_no: 146
2022-07-23 09:01:55,044 [JavaFX Application Thread] DEBUG c.g.c.s.impl.NetworkServiceImpl - Server response: opcode: 5 | block_no: 147
2022-07-23 09:01:55,279 [JavaFX Application Thread] DEBUG c.g.c.s.impl.NetworkServiceImpl - Server response: opcode: 5 | block_no: 148
2022-07-23 09:01:55,461 [JavaFX Application Thread] DEBUG c.g.c.s.impl.NetworkServiceImpl - Server response: opcode: 5 | block_no: 149
2022-07-23 09:01:55,668 [JavaFX Application Thread] DEBUG c.g.c.s.impl.NetworkServiceImpl - Server response: opcode: 5 | block_no: 150
2022-07-23 09:01:55,797 [JavaFX Application Thread] DEBUG c.g.c.s.impl.NetworkServiceImpl - Server response: opcode: 5 | block_no: 151
2022-07-23 09:01:55,892 [JavaFX Application Thread] DEBUG c.g.c.s.impl.NetworkServiceImpl - Server response: opcode: 5 | block_no: 152
2022-07-23 09:01:55,988 [JavaFX Application Thread] DEBUG c.g.c.s.impl.NetworkServiceImpl - Server response: opcode: 5 | block_no: 153
2022-07-23 09:01:56,082 [JavaFX Application Thread] DEBUG c.g.c.s.impl.NetworkServiceImpl - Server response: opcode: 5 | block_no: 154
2022-07-23 09:01:56,179 [JavaFX Application Thread] DEBUG c.g.c.s.impl.NetworkServiceImpl - Server response: opcode: 5 | block_no: 155
2022-07-23 09:01:56,746 [JavaFX Application Thread] DEBUG c.g.c.s.impl.NetworkServiceImpl - Server response: opcode: 5 | block_no: 156
2022-07-23 09:01:56,851 [JavaFX Application Thread] DEBUG c.g.c.s.impl.NetworkServiceImpl - Server response: opcode: 5 | block_no: 157
2022-07-23 09:01:57,061 [JavaFX Application Thread] DEBUG c.g.c.s.impl.NetworkServiceImpl - Server response: opcode: 5 | block_no: 158
2022-07-23 09:02:00,063 [JavaFX Application Thread] DEBUG c.g.c.s.impl.NetworkServiceImpl - Read timed out
2022-07-23 09:02:00,064 [JavaFX Application Thread] DEBUG c.g.c.s.impl.NetworkServiceImpl - Download file done! | messi lionel messi.jpeg
2022-07-23 09:03:48,397 [JavaFX Application Thread] DEBUG c.g.c.s.impl.NetworkServiceImpl - Upload file | TKB20213-02072022.xlsx | 108220 Byte
2022-07-23 09:03:48,398 [JavaFX Application Thread] DEBUG c.g.c.s.impl.NetworkServiceImpl - File number of blocks: 106
2022-07-23 09:03:48,543 [JavaFX Application Thread] DEBUG c.g.c.s.impl.NetworkServiceImpl - Server response: 6
2022-07-23 09:03:48,543 [JavaFX Application Thread] DEBUG c.g.c.s.impl.NetworkServiceImpl - Begin to send file!
2022-07-23 09:03:48,544 [JavaFX Application Thread] DEBUG c.g.c.s.impl.NetworkServiceImpl - Client sent data block no: 0
2022-07-23 09:03:48,790 [JavaFX Application Thread] DEBUG c.g.c.s.impl.NetworkServiceImpl - Server response: 6
2022-07-23 09:03:48,791 [JavaFX Application Thread] DEBUG c.g.c.s.impl.NetworkServiceImpl - Client sent data block no: 1
2022-07-23 09:03:49,254 [JavaFX Application Thread] DEBUG c.g.c.s.impl.NetworkServiceImpl - Server response: 6
2022-07-23 09:03:49,255 [JavaFX Application Thread] DEBUG c.g.c.s.impl.NetworkServiceImpl - Client sent data block no: 2
2022-07-23 09:03:49,744 [JavaFX Application Thread] DEBUG c.g.c.s.impl.NetworkServiceImpl - Server response: 6
2022-07-23 09:03:49,744 [JavaFX Application Thread] DEBUG c.g.c.s.impl.NetworkServiceImpl - Client sent data block no: 3
2022-07-23 09:03:50,088 [JavaFX Application Thread] DEBUG c.g.c.s.impl.NetworkServiceImpl - Server response: 6
2022-07-23 09:03:50,088 [JavaFX Application Thread] DEBUG c.g.c.s.impl.NetworkServiceImpl - Client sent data block no: 4
2022-07-23 09:03:50,242 [JavaFX Application Thread] DEBUG c.g.c.s.impl.NetworkServiceImpl - Server response: 6
2022-07-23 09:03:50,243 [JavaFX Application Thread] DEBUG c.g.c.s.impl.NetworkServiceImpl - Client sent data block no: 5
2022-07-23 09:03:50,349 [JavaFX Application Thread] DEBUG c.g.c.s.impl.NetworkServiceImpl - Server response: 6
2022-07-23 09:03:50,350 [JavaFX Application Thread] DEBUG c.g.c.s.impl.NetworkServiceImpl - Client sent data block no: 6
2022-07-23 09:03:50,867 [JavaFX Application Thread] DEBUG c.g.c.s.impl.NetworkServiceImpl - Server response: 6
2022-07-23 09:03:50,868 [JavaFX Application Thread] DEBUG c.g.c.s.impl.NetworkServiceImpl - Client sent data block no: 7
2022-07-23 09:03:51,211 [JavaFX Application Thread] DEBUG c.g.c.s.impl.NetworkServiceImpl - Server response: 6
2022-07-23 09:03:51,212 [JavaFX Application Thread] DEBUG c.g.c.s.impl.NetworkServiceImpl - Client sent data block no: 8
2022-07-23 09:03:51,568 [JavaFX Application Thread] DEBUG c.g.c.s.impl.NetworkServiceImpl - Server response: 6
2022-07-23 09:03:51,569 [JavaFX Application Thread] DEBUG c.g.c.s.impl.NetworkServiceImpl - Client sent data block no: 9
2022-07-23 09:03:52,387 [JavaFX Application Thread] DEBUG c.g.c.s.impl.NetworkServiceImpl - Server response: 6
2022-07-23 09:03:52,387 [JavaFX Application Thread] DEBUG c.g.c.s.impl.NetworkServiceImpl - Client sent data block no: 10
2022-07-23 09:03:52,647 [JavaFX Application Thread] DEBUG c.g.c.s.impl.NetworkServiceImpl - Server response: 6
2022-07-23 09:03:52,647 [JavaFX Application Thread] DEBUG c.g.c.s.impl.NetworkServiceImpl - Client sent data block no: 11
2022-07-23 09:03:52,877 [JavaFX Application Thread] DEBUG c.g.c.s.impl.NetworkServiceImpl - Server response: 6
2022-07-23 09:03:52,877 [JavaFX Application Thread] DEBUG c.g.c.s.impl.NetworkServiceImpl - Client sent data block no: 12
2022-07-23 09:03:53,102 [JavaFX Application Thread] DEBUG c.g.c.s.impl.NetworkServiceImpl - Server response: 6
2022-07-23 09:03:53,102 [JavaFX Application Thread] DEBUG c.g.c.s.impl.NetworkServiceImpl - Client sent data block no: 13
2022-07-23 09:03:53,557 [JavaFX Application Thread] DEBUG c.g.c.s.impl.NetworkServiceImpl - Server response: 6
2022-07-23 09:03:53,557 [JavaFX Application Thread] DEBUG c.g.c.s.impl.NetworkServiceImpl - Client sent data block no: 14
2022-07-23 09:03:53,732 [JavaFX Application Thread] DEBUG c.g.c.s.impl.NetworkServiceImpl - Server response: 6
2022-07-23 09:03:53,733 [JavaFX Application Thread] DEBUG c.g.c.s.impl.NetworkServiceImpl - Client sent data block no: 15
2022-07-23 09:03:54,203 [JavaFX Application Thread] DEBUG c.g.c.s.impl.NetworkServiceImpl - Server response: 6
2022-07-23 09:03:54,203 [JavaFX Application Thread] DEBUG c.g.c.s.impl.NetworkServiceImpl - Client sent data block no: 16
2022-07-23 09:03:54,343 [JavaFX Application Thread] DEBUG c.g.c.s.impl.NetworkServiceImpl - Server response: 6
2022-07-23 09:03:54,343 [JavaFX Application Thread] DEBUG c.g.c.s.impl.NetworkServiceImpl - Client sent data block no: 17
2022-07-23 09:03:54,658 [JavaFX Application Thread] DEBUG c.g.c.s.impl.NetworkServiceImpl - Server response: 6
2022-07-23 09:03:54,659 [JavaFX Application Thread] DEBUG c.g.c.s.impl.NetworkServiceImpl - Client sent data block no: 18
2022-07-23 09:03:55,210 [JavaFX Application Thread] DEBUG c.g.c.s.impl.NetworkServiceImpl - Server response: 6
2022-07-23 09:03:55,210 [JavaFX Application Thread] DEBUG c.g.c.s.impl.NetworkServiceImpl - Client sent data block no: 19
2022-07-23 09:03:55,378 [JavaFX Application Thread] DEBUG c.g.c.s.impl.NetworkServiceImpl - Server response: 6
2022-07-23 09:03:55,379 [JavaFX Application Thread] DEBUG c.g.c.s.impl.NetworkServiceImpl - Client sent data block no: 20
2022-07-23 09:03:55,701 [JavaFX Application Thread] DEBUG c.g.c.s.impl.NetworkServiceImpl - Server response: 6
2022-07-23 09:03:55,701 [JavaFX Application Thread] DEBUG c.g.c.s.impl.NetworkServiceImpl - Client sent data block no: 21
2022-07-23 09:03:55,854 [JavaFX Application Thread] DEBUG c.g.c.s.impl.NetworkServiceImpl - Server response: 6
2022-07-23 09:03:55,854 [JavaFX Application Thread] DEBUG c.g.c.s.impl.NetworkServiceImpl - Client sent data block no: 22
2022-07-23 09:03:56,153 [JavaFX Application Thread] DEBUG c.g.c.s.impl.NetworkServiceImpl - Server response: 6
2022-07-23 09:03:56,154 [JavaFX Application Thread] DEBUG c.g.c.s.impl.NetworkServiceImpl - Client sent data block no: 23
2022-07-23 09:03:56,373 [JavaFX Application Thread] DEBUG c.g.c.s.impl.NetworkServiceImpl - Server response: 6
2022-07-23 09:03:56,374 [JavaFX Application Thread] DEBUG c.g.c.s.impl.NetworkServiceImpl - Client sent data block no: 24
2022-07-23 09:03:56,710 [JavaFX Application Thread] DEBUG c.g.c.s.impl.NetworkServiceImpl - Server response: 6
2022-07-23 09:03:56,710 [JavaFX Application Thread] DEBUG c.g.c.s.impl.NetworkServiceImpl - Client sent data block no: 25
2022-07-23 09:03:57,156 [JavaFX Application Thread] DEBUG c.g.c.s.impl.NetworkServiceImpl - Server response: 6
2022-07-23 09:03:57,156 [JavaFX Application Thread] DEBUG c.g.c.s.impl.NetworkServiceImpl - Client sent data block no: 26
2022-07-23 09:03:57,390 [JavaFX Application Thread] DEBUG c.g.c.s.impl.NetworkServiceImpl - Server response: 6
2022-07-23 09:03:57,391 [JavaFX Application Thread] DEBUG c.g.c.s.impl.NetworkServiceImpl - Client sent data block no: 27
2022-07-23 09:03:57,535 [JavaFX Application Thread] DEBUG c.g.c.s.impl.NetworkServiceImpl - Server response: 6
2022-07-23 09:03:57,535 [JavaFX Application Thread] DEBUG c.g.c.s.impl.NetworkServiceImpl - Client sent data block no: 28
2022-07-23 09:03:57,926 [JavaFX Application Thread] DEBUG c.g.c.s.impl.NetworkServiceImpl - Server response: 6
2022-07-23 09:03:57,926 [JavaFX Application Thread] DEBUG c.g.c.s.impl.NetworkServiceImpl - Client sent data block no: 29
2022-07-23 09:03:58,498 [JavaFX Application Thread] DEBUG c.g.c.s.impl.NetworkServiceImpl - Server response: 6
2022-07-23 09:03:58,498 [JavaFX Application Thread] DEBUG c.g.c.s.impl.NetworkServiceImpl - Client sent data block no: 30
2022-07-23 09:03:58,822 [JavaFX Application Thread] DEBUG c.g.c.s.impl.NetworkServiceImpl - Server response: 6
2022-07-23 09:03:58,822 [JavaFX Application Thread] DEBUG c.g.c.s.impl.NetworkServiceImpl - Client sent data block no: 31
2022-07-23 09:03:59,059 [JavaFX Application Thread] DEBUG c.g.c.s.impl.NetworkServiceImpl - Server response: 6
2022-07-23 09:03:59,059 [JavaFX Application Thread] DEBUG c.g.c.s.impl.NetworkServiceImpl - Client sent data block no: 32
2022-07-23 09:03:59,536 [JavaFX Application Thread] DEBUG c.g.c.s.impl.NetworkServiceImpl - Server response: 6
2022-07-23 09:03:59,536 [JavaFX Application Thread] DEBUG c.g.c.s.impl.NetworkServiceImpl - Client sent data block no: 33
2022-07-23 09:03:59,736 [JavaFX Application Thread] DEBUG c.g.c.s.impl.NetworkServiceImpl - Server response: 6
2022-07-23 09:03:59,736 [JavaFX Application Thread] DEBUG c.g.c.s.impl.NetworkServiceImpl - Client sent data block no: 34
2022-07-23 09:04:00,063 [JavaFX Application Thread] DEBUG c.g.c.s.impl.NetworkServiceImpl - Server response: 6
2022-07-23 09:04:00,063 [JavaFX Application Thread] DEBUG c.g.c.s.impl.NetworkServiceImpl - Client sent data block no: 35
2022-07-23 09:04:00,362 [JavaFX Application Thread] DEBUG c.g.c.s.impl.NetworkServiceImpl - Server response: 6
2022-07-23 09:04:00,362 [JavaFX Application Thread] DEBUG c.g.c.s.impl.NetworkServiceImpl - Client sent data block no: 36
2022-07-23 09:04:00,791 [JavaFX Application Thread] DEBUG c.g.c.s.impl.NetworkServiceImpl - Server response: 6
2022-07-23 09:04:00,791 [JavaFX Application Thread] DEBUG c.g.c.s.impl.NetworkServiceImpl - Client sent data block no: 37
2022-07-23 09:04:01,532 [JavaFX Application Thread] DEBUG c.g.c.s.impl.NetworkServiceImpl - Server response: 6
2022-07-23 09:04:01,533 [JavaFX Application Thread] DEBUG c.g.c.s.impl.NetworkServiceImpl - Client sent data block no: 38
2022-07-23 09:04:01,721 [JavaFX Application Thread] DEBUG c.g.c.s.impl.NetworkServiceImpl - Server response: 6
2022-07-23 09:04:01,722 [JavaFX Application Thread] DEBUG c.g.c.s.impl.NetworkServiceImpl - Client sent data block no: 39
2022-07-23 09:04:02,040 [JavaFX Application Thread] DEBUG c.g.c.s.impl.NetworkServiceImpl - Server response: 6
2022-07-23 09:04:02,041 [JavaFX Application Thread] DEBUG c.g.c.s.impl.NetworkServiceImpl - Client sent data block no: 40
2022-07-23 09:04:02,162 [JavaFX Application Thread] DEBUG c.g.c.s.impl.NetworkServiceImpl - Server response: 6
2022-07-23 09:04:02,163 [JavaFX Application Thread] DEBUG c.g.c.s.impl.NetworkServiceImpl - Client sent data block no: 41
2022-07-23 09:04:02,554 [JavaFX Application Thread] DEBUG c.g.c.s.impl.NetworkServiceImpl - Server response: 6
2022-07-23 09:04:02,555 [JavaFX Application Thread] DEBUG c.g.c.s.impl.NetworkServiceImpl - Client sent data block no: 42
2022-07-23 09:04:02,842 [JavaFX Application Thread] DEBUG c.g.c.s.impl.NetworkServiceImpl - Server response: 6
2022-07-23 09:04:02,842 [JavaFX Application Thread] DEBUG c.g.c.s.impl.NetworkServiceImpl - Client sent data block no: 43
2022-07-23 09:04:03,104 [JavaFX Application Thread] DEBUG c.g.c.s.impl.NetworkServiceImpl - Server response: 6
2022-07-23 09:04:03,104 [JavaFX Application Thread] DEBUG c.g.c.s.impl.NetworkServiceImpl - Client sent data block no: 44
2022-07-23 09:04:03,495 [JavaFX Application Thread] DEBUG c.g.c.s.impl.NetworkServiceImpl - Server response: 6
2022-07-23 09:04:03,495 [JavaFX Application Thread] DEBUG c.g.c.s.impl.NetworkServiceImpl - Client sent data block no: 45
2022-07-23 09:04:03,639 [JavaFX Application Thread] DEBUG c.g.c.s.impl.NetworkServiceImpl - Server response: 6
2022-07-23 09:04:03,639 [JavaFX Application Thread] DEBUG c.g.c.s.impl.NetworkServiceImpl - Client sent data block no: 46
2022-07-23 09:04:03,760 [JavaFX Application Thread] DEBUG c.g.c.s.impl.NetworkServiceImpl - Server response: 6
2022-07-23 09:04:03,760 [JavaFX Application Thread] DEBUG c.g.c.s.impl.NetworkServiceImpl - Client sent data block no: 47
2022-07-23 09:04:04,436 [JavaFX Application Thread] DEBUG c.g.c.s.impl.NetworkServiceImpl - Server response: 6
2022-07-23 09:04:04,437 [JavaFX Application Thread] DEBUG c.g.c.s.impl.NetworkServiceImpl - Client sent data block no: 48
2022-07-23 09:04:04,928 [JavaFX Application Thread] DEBUG c.g.c.s.impl.NetworkServiceImpl - Server response: 6
2022-07-23 09:04:04,928 [JavaFX Application Thread] DEBUG c.g.c.s.impl.NetworkServiceImpl - Client sent data block no: 49
2022-07-23 09:04:05,293 [JavaFX Application Thread] DEBUG c.g.c.s.impl.NetworkServiceImpl - Server response: 6
2022-07-23 09:04:05,293 [JavaFX Application Thread] DEBUG c.g.c.s.impl.NetworkServiceImpl - Client sent data block no: 50
2022-07-23 09:04:05,742 [JavaFX Application Thread] DEBUG c.g.c.s.impl.NetworkServiceImpl - Server response: 6
2022-07-23 09:04:05,742 [JavaFX Application Thread] DEBUG c.g.c.s.impl.NetworkServiceImpl - Client sent data block no: 51
2022-07-23 09:04:05,906 [JavaFX Application Thread] DEBUG c.g.c.s.impl.NetworkServiceImpl - Server response: 6
2022-07-23 09:04:05,906 [JavaFX Application Thread] DEBUG c.g.c.s.impl.NetworkServiceImpl - Client sent data block no: 52
2022-07-23 09:04:06,004 [JavaFX Application Thread] DEBUG c.g.c.s.impl.NetworkServiceImpl - Server response: 6
2022-07-23 09:04:06,004 [JavaFX Application Thread] DEBUG c.g.c.s.impl.NetworkServiceImpl - Client sent data block no: 53
2022-07-23 09:04:06,169 [JavaFX Application Thread] DEBUG c.g.c.s.impl.NetworkServiceImpl - Server response: 6
2022-07-23 09:04:06,169 [JavaFX Application Thread] DEBUG c.g.c.s.impl.NetworkServiceImpl - Client sent data block no: 54
2022-07-23 09:04:06,453 [JavaFX Application Thread] DEBUG c.g.c.s.impl.NetworkServiceImpl - Server response: 6
2022-07-23 09:04:06,453 [JavaFX Application Thread] DEBUG c.g.c.s.impl.NetworkServiceImpl - Client sent data block no: 55
2022-07-23 09:04:06,595 [JavaFX Application Thread] DEBUG c.g.c.s.impl.NetworkServiceImpl - Server response: 6
2022-07-23 09:04:06,595 [JavaFX Application Thread] DEBUG c.g.c.s.impl.NetworkServiceImpl - Client sent data block no: 56
2022-07-23 09:04:06,721 [JavaFX Application Thread] DEBUG c.g.c.s.impl.NetworkServiceImpl - Server response: 6
2022-07-23 09:04:06,722 [JavaFX Application Thread] DEBUG c.g.c.s.impl.NetworkServiceImpl - Client sent data block no: 57
2022-07-23 09:04:06,835 [JavaFX Application Thread] DEBUG c.g.c.s.impl.NetworkServiceImpl - Server response: 6
2022-07-23 09:04:06,835 [JavaFX Application Thread] DEBUG c.g.c.s.impl.NetworkServiceImpl - Client sent data block no: 58
2022-07-23 09:04:07,438 [JavaFX Application Thread] DEBUG c.g.c.s.impl.NetworkServiceImpl - Server response: 6
2022-07-23 09:04:07,439 [JavaFX Application Thread] DEBUG c.g.c.s.impl.NetworkServiceImpl - Client sent data block no: 59
2022-07-23 09:04:17,466 [JavaFX Application Thread] DEBUG c.g.c.s.impl.NetworkServiceImpl - Upload file done!
2022-07-23 09:04:20,395 [JavaFX Application Thread] DEBUG c.g.c.s.impl.NetworkServiceImpl - Server response: opcode: 6
2022-07-23 09:04:20,488 [JavaFX Application Thread] DEBUG c.g.c.s.impl.NetworkServiceImpl - Server response: folder size: 13878
2022-07-23 09:04:33,748 [SpringApplicationShutdownHook] INFO  o.s.o.j.LocalContainerEntityManagerFactoryBean - Closing JPA EntityManagerFactory for persistence unit 'default'
2022-07-23 09:04:33,754 [SpringApplicationShutdownHook] INFO  com.zaxxer.hikari.HikariDataSource - HikariPool-1 - Shutdown initiated...
2022-07-23 09:04:33,761 [SpringApplicationShutdownHook] INFO  com.zaxxer.hikari.HikariDataSource - HikariPool-1 - Shutdown completed.
2022-07-23 09:04:44,907 [JavaFX-Launcher] INFO  o.s.boot.SpringApplication - Starting application using Java 11.0.11 on Tungdz with PID 7964 (started by Tunght in C:\Users\DaiPhongPC\OneDrive\Desktop\network-clientapp)
2022-07-23 09:04:44,910 [JavaFX-Launcher] INFO  o.s.boot.SpringApplication - No active profile set, falling back to 1 default profile: "default"
2022-07-23 09:04:45,456 [JavaFX-Launcher] INFO  o.s.d.r.c.RepositoryConfigurationDelegate - Bootstrapping Spring Data JPA repositories in DEFAULT mode.
2022-07-23 09:04:45,516 [JavaFX-Launcher] INFO  o.s.d.r.c.RepositoryConfigurationDelegate - Finished Spring Data repository scanning in 51 ms. Found 1 JPA repository interfaces.
2022-07-23 09:04:46,154 [JavaFX-Launcher] INFO  com.zaxxer.hikari.HikariDataSource - HikariPool-1 - Starting...
2022-07-23 09:04:46,510 [JavaFX-Launcher] INFO  com.zaxxer.hikari.HikariDataSource - HikariPool-1 - Start completed.
2022-07-23 09:04:47,168 [JavaFX-Launcher] INFO  o.s.o.j.LocalContainerEntityManagerFactoryBean - Initialized JPA EntityManagerFactory for persistence unit 'default'
2022-07-23 09:04:47,615 [JavaFX-Launcher] INFO  o.s.boot.SpringApplication - Started application in 3.375 seconds (JVM running for 6.916)
2022-07-23 09:05:03,827 [JavaFX Application Thread] DEBUG c.g.c.s.impl.NetworkServiceImpl - Server response: Create Success
2022-07-23 09:05:04,980 [JavaFX Application Thread] DEBUG c.g.c.s.impl.NetworkServiceImpl - Server response: opcode: 2
2022-07-23 09:05:04,981 [JavaFX Application Thread] DEBUG c.g.c.s.impl.NetworkServiceImpl - Server response: folder size: 2
2022-07-23 09:05:04,982 [JavaFX Application Thread] DEBUG c.g.c.s.impl.NetworkServiceImpl - Server response: fileName: TKB20213-02072022.xlsx | fileSize: 236 kB
2022-07-23 09:05:04,983 [JavaFX Application Thread] DEBUG c.g.c.s.impl.NetworkServiceImpl - Server response: fileName: messi lionel messi.jpeg | fileSize: 157 kB
2022-07-23 09:05:10,525 [JavaFX Application Thread] DEBUG c.g.c.s.impl.NetworkServiceImpl - Server response: opcode: 2
2022-07-23 09:05:10,525 [JavaFX Application Thread] DEBUG c.g.c.s.impl.NetworkServiceImpl - Server response: folder size: 2
2022-07-23 09:05:10,526 [JavaFX Application Thread] DEBUG c.g.c.s.impl.NetworkServiceImpl - Server response: fileName: TKB20213-02072022.xlsx | fileSize: 236 kB
2022-07-23 09:05:10,526 [JavaFX Application Thread] DEBUG c.g.c.s.impl.NetworkServiceImpl - Server response: fileName: messi lionel messi.jpeg | fileSize: 157 kB
2022-07-23 09:05:19,158 [JavaFX Application Thread] DEBUG c.g.c.s.impl.NetworkServiceImpl - Client request  | Delete file: TKB20213-02072022.xlsx
2022-07-23 09:05:19,627 [JavaFX Application Thread] DEBUG c.g.c.s.impl.NetworkServiceImpl - Server response: Delete success!
2022-07-23 09:05:20,480 [JavaFX Application Thread] DEBUG c.g.c.s.impl.NetworkServiceImpl - Server response: opcode: 2
2022-07-23 09:05:20,480 [JavaFX Application Thread] DEBUG c.g.c.s.impl.NetworkServiceImpl - Server response: folder size: 1
2022-07-23 09:05:20,481 [JavaFX Application Thread] DEBUG c.g.c.s.impl.NetworkServiceImpl - Server response: fileName: messi lionel messi.jpeg | fileSize: 157 kB
2022-07-23 09:06:35,375 [JavaFX Application Thread] DEBUG c.g.c.s.impl.NetworkServiceImpl - Upload file | 123.txt | 29620 Byte
2022-07-23 09:06:35,378 [JavaFX Application Thread] DEBUG c.g.c.s.impl.NetworkServiceImpl - File number of blocks: 29
2022-07-23 09:06:35,479 [JavaFX Application Thread] DEBUG c.g.c.s.impl.NetworkServiceImpl - Server response: 6
2022-07-23 09:06:35,479 [JavaFX Application Thread] DEBUG c.g.c.s.impl.NetworkServiceImpl - Begin to send file!
2022-07-23 09:06:35,480 [JavaFX Application Thread] DEBUG c.g.c.s.impl.NetworkServiceImpl - Client sent data block no: 0
2022-07-23 09:06:35,596 [JavaFX Application Thread] DEBUG c.g.c.s.impl.NetworkServiceImpl - Server response: 6
2022-07-23 09:06:35,597 [JavaFX Application Thread] DEBUG c.g.c.s.impl.NetworkServiceImpl - Client sent data block no: 1
2022-07-23 09:06:35,755 [JavaFX Application Thread] DEBUG c.g.c.s.impl.NetworkServiceImpl - Server response: 6
2022-07-23 09:06:35,755 [JavaFX Application Thread] DEBUG c.g.c.s.impl.NetworkServiceImpl - Client sent data block no: 2
2022-07-23 09:06:35,861 [JavaFX Application Thread] DEBUG c.g.c.s.impl.NetworkServiceImpl - Server response: 6
2022-07-23 09:06:35,862 [JavaFX Application Thread] DEBUG c.g.c.s.impl.NetworkServiceImpl - Client sent data block no: 3
2022-07-23 09:06:36,017 [JavaFX Application Thread] DEBUG c.g.c.s.impl.NetworkServiceImpl - Server response: 6
2022-07-23 09:06:36,018 [JavaFX Application Thread] DEBUG c.g.c.s.impl.NetworkServiceImpl - Client sent data block no: 4
2022-07-23 09:06:36,249 [JavaFX Application Thread] DEBUG c.g.c.s.impl.NetworkServiceImpl - Server response: 6
2022-07-23 09:06:36,249 [JavaFX Application Thread] DEBUG c.g.c.s.impl.NetworkServiceImpl - Client sent data block no: 5
2022-07-23 09:06:36,375 [JavaFX Application Thread] DEBUG c.g.c.s.impl.NetworkServiceImpl - Server response: 6
2022-07-23 09:06:36,376 [JavaFX Application Thread] DEBUG c.g.c.s.impl.NetworkServiceImpl - Client sent data block no: 6
2022-07-23 09:06:36,486 [JavaFX Application Thread] DEBUG c.g.c.s.impl.NetworkServiceImpl - Server response: 6
2022-07-23 09:06:36,487 [JavaFX Application Thread] DEBUG c.g.c.s.impl.NetworkServiceImpl - Client sent data block no: 7
2022-07-23 09:06:36,614 [JavaFX Application Thread] DEBUG c.g.c.s.impl.NetworkServiceImpl - Server response: 6
2022-07-23 09:06:36,615 [JavaFX Application Thread] DEBUG c.g.c.s.impl.NetworkServiceImpl - Client sent data block no: 8
2022-07-23 09:06:36,748 [JavaFX Application Thread] DEBUG c.g.c.s.impl.NetworkServiceImpl - Server response: 6
2022-07-23 09:06:36,749 [JavaFX Application Thread] DEBUG c.g.c.s.impl.NetworkServiceImpl - Client sent data block no: 9
2022-07-23 09:06:36,855 [JavaFX Application Thread] DEBUG c.g.c.s.impl.NetworkServiceImpl - Server response: 6
2022-07-23 09:06:36,856 [JavaFX Application Thread] DEBUG c.g.c.s.impl.NetworkServiceImpl - Client sent data block no: 10
2022-07-23 09:06:36,967 [JavaFX Application Thread] DEBUG c.g.c.s.impl.NetworkServiceImpl - Server response: 6
2022-07-23 09:06:36,968 [JavaFX Application Thread] DEBUG c.g.c.s.impl.NetworkServiceImpl - Client sent data block no: 11
2022-07-23 09:06:37,247 [JavaFX Application Thread] DEBUG c.g.c.s.impl.NetworkServiceImpl - Server response: 6
2022-07-23 09:06:37,248 [JavaFX Application Thread] DEBUG c.g.c.s.impl.NetworkServiceImpl - Client sent data block no: 12
2022-07-23 09:06:37,433 [JavaFX Application Thread] DEBUG c.g.c.s.impl.NetworkServiceImpl - Server response: 6
2022-07-23 09:06:37,434 [JavaFX Application Thread] DEBUG c.g.c.s.impl.NetworkServiceImpl - Client sent data block no: 13
2022-07-23 09:06:37,657 [JavaFX Application Thread] DEBUG c.g.c.s.impl.NetworkServiceImpl - Server response: 6
2022-07-23 09:06:37,658 [JavaFX Application Thread] DEBUG c.g.c.s.impl.NetworkServiceImpl - Client sent data block no: 14
2022-07-23 09:06:37,753 [JavaFX Application Thread] DEBUG c.g.c.s.impl.NetworkServiceImpl - Server response: 6
2022-07-23 09:06:37,754 [JavaFX Application Thread] DEBUG c.g.c.s.impl.NetworkServiceImpl - Client sent data block no: 15
2022-07-23 09:06:37,952 [JavaFX Application Thread] DEBUG c.g.c.s.impl.NetworkServiceImpl - Server response: 6
2022-07-23 09:06:37,952 [JavaFX Application Thread] DEBUG c.g.c.s.impl.NetworkServiceImpl - Client sent data block no: 16
2022-07-23 09:06:38,143 [JavaFX Application Thread] DEBUG c.g.c.s.impl.NetworkServiceImpl - Server response: 6
2022-07-23 09:06:38,144 [JavaFX Application Thread] DEBUG c.g.c.s.impl.NetworkServiceImpl - Client sent data block no: 17
2022-07-23 09:06:38,257 [JavaFX Application Thread] DEBUG c.g.c.s.impl.NetworkServiceImpl - Server response: 6
2022-07-23 09:06:38,257 [JavaFX Application Thread] DEBUG c.g.c.s.impl.NetworkServiceImpl - Client sent data block no: 18
2022-07-23 09:06:38,385 [JavaFX Application Thread] DEBUG c.g.c.s.impl.NetworkServiceImpl - Server response: 6
2022-07-23 09:06:38,386 [JavaFX Application Thread] DEBUG c.g.c.s.impl.NetworkServiceImpl - Client sent data block no: 19
2022-07-23 09:06:38,731 [JavaFX Application Thread] DEBUG c.g.c.s.impl.NetworkServiceImpl - Server response: 6
2022-07-23 09:06:38,732 [JavaFX Application Thread] DEBUG c.g.c.s.impl.NetworkServiceImpl - Client sent data block no: 20
2022-07-23 09:06:38,834 [JavaFX Application Thread] DEBUG c.g.c.s.impl.NetworkServiceImpl - Server response: 6
2022-07-23 09:06:38,835 [JavaFX Application Thread] DEBUG c.g.c.s.impl.NetworkServiceImpl - Client sent data block no: 21
2022-07-23 09:06:38,968 [JavaFX Application Thread] DEBUG c.g.c.s.impl.NetworkServiceImpl - Server response: 6
2022-07-23 09:06:38,968 [JavaFX Application Thread] DEBUG c.g.c.s.impl.NetworkServiceImpl - Client sent data block no: 22
2022-07-23 09:06:39,071 [JavaFX Application Thread] DEBUG c.g.c.s.impl.NetworkServiceImpl - Server response: 6
2022-07-23 09:06:39,072 [JavaFX Application Thread] DEBUG c.g.c.s.impl.NetworkServiceImpl - Client sent data block no: 23
2022-07-23 09:06:39,228 [JavaFX Application Thread] DEBUG c.g.c.s.impl.NetworkServiceImpl - Server response: 6
2022-07-23 09:06:39,229 [JavaFX Application Thread] DEBUG c.g.c.s.impl.NetworkServiceImpl - Client sent data block no: 24
2022-07-23 09:06:39,388 [JavaFX Application Thread] DEBUG c.g.c.s.impl.NetworkServiceImpl - Server response: 6
2022-07-23 09:06:39,389 [JavaFX Application Thread] DEBUG c.g.c.s.impl.NetworkServiceImpl - Client sent data block no: 25
2022-07-23 09:06:39,566 [JavaFX Application Thread] DEBUG c.g.c.s.impl.NetworkServiceImpl - Server response: 6
2022-07-23 09:06:39,566 [JavaFX Application Thread] DEBUG c.g.c.s.impl.NetworkServiceImpl - Client sent data block no: 26
2022-07-23 09:06:39,667 [JavaFX Application Thread] DEBUG c.g.c.s.impl.NetworkServiceImpl - Server response: 6
2022-07-23 09:06:39,668 [JavaFX Application Thread] DEBUG c.g.c.s.impl.NetworkServiceImpl - Client sent data block no: 27
2022-07-23 09:06:39,766 [JavaFX Application Thread] DEBUG c.g.c.s.impl.NetworkServiceImpl - Server response: 6
2022-07-23 09:06:39,766 [JavaFX Application Thread] DEBUG c.g.c.s.impl.NetworkServiceImpl - Index 29620 out of bounds for length 29620
2022-07-23 09:06:39,766 [JavaFX Application Thread] DEBUG c.g.c.s.impl.NetworkServiceImpl - Client sent data block no: 28
2022-07-23 09:06:39,889 [JavaFX Application Thread] DEBUG c.g.c.s.impl.NetworkServiceImpl - Server response: 6
2022-07-23 09:06:39,889 [JavaFX Application Thread] DEBUG c.g.c.s.impl.NetworkServiceImpl - Upload file done!
2022-07-23 09:06:45,096 [JavaFX Application Thread] DEBUG c.g.c.s.impl.NetworkServiceImpl - Server response: opcode: 2
2022-07-23 09:06:45,097 [JavaFX Application Thread] DEBUG c.g.c.s.impl.NetworkServiceImpl - Server response: folder size: 2
2022-07-23 09:06:45,097 [JavaFX Application Thread] DEBUG c.g.c.s.impl.NetworkServiceImpl - Server response: fileName: 123.txt | fileSize: 28 kB
2022-07-23 09:06:45,097 [JavaFX Application Thread] DEBUG c.g.c.s.impl.NetworkServiceImpl - Server response: fileName: messi lionel messi.jpeg | fileSize: 157 kB
2022-07-23 09:11:25,359 [JavaFX Application Thread] DEBUG c.g.c.s.impl.NetworkServiceImpl - Client request  | User request exit
2022-07-23 09:12:52,384 [SpringApplicationShutdownHook] INFO  o.s.o.j.LocalContainerEntityManagerFactoryBean - Closing JPA EntityManagerFactory for persistence unit 'default'
2022-07-23 09:12:52,392 [SpringApplicationShutdownHook] INFO  com.zaxxer.hikari.HikariDataSource - HikariPool-1 - Shutdown initiated...
2022-07-23 09:12:52,415 [SpringApplicationShutdownHook] INFO  com.zaxxer.hikari.HikariDataSource - HikariPool-1 - Shutdown completed.
